<?xml version="1.0" encoding="utf-8"?>
<Dictionary>
  <TableDataSource Name="AccountBill" ReferenceName="Data.AccountBill" DataType="System.Int32" Enabled="true">
    <Column Name="BillNo" DataType="System.Int32"/>
    <Column Name="ProjectID" DataType="System.Int32"/>
    <Column Name="ProjectName" DataType="System.String"/>
    <Column Name="CompanyID" DataType="System.Int32"/>
    <Column Name="CompanyName" DataType="System.String"/>
    <Column Name="MoneyTypeID" DataType="System.Int32"/>
    <Column Name="MoneyTypeName" DataType="System.String"/>
    <Column Name="BillType" DataType="System.Int32"/>
    <Column Name="BillMemo" DataType="System.String"/>
    <Column Name="BillYS" DataType="System.Decimal"/>
    <Column Name="BillSS" DataType="System.Decimal"/>
    <Column Name="BillYF" DataType="System.Decimal"/>
    <Column Name="BillSF" DataType="System.Decimal"/>
    <Column Name="BillDate" DataType="System.DateTime"/>
    <Column Name="BillCycle" DataType="System.String"/>
    <Column Name="BillStatus" DataType="System.String"/>
  </TableDataSource>
  <TableDataSource Name="Goods" ReferenceName="Data.Goods" DataType="System.Int32" Enabled="true">
    <Column Name="GoodsID" DataType="System.Int32"/>
    <Column Name="GoodsName" DataType="System.String"/>
    <Column Name="GoodsNamePY" DataType="System.String"/>
    <Column Name="GoodsTypeID" DataType="System.Int32"/>
    <Column Name="GoodsTypeName" DataType="System.String"/>
    <Column Name="GoodsUnit" DataType="System.String"/>
    <Column Name="GoodsSpec" DataType="System.String"/>
    <Column Name="GoodsPrice" DataType="System.Decimal"/>
    <Column Name="LimitLow" DataType="System.Decimal"/>
    <Column Name="LimitUp" DataType="System.Decimal"/>
  </TableDataSource>
  <TableDataSource Name="Companies" ReferenceName="Data.Companies" DataType="System.Int32" Enabled="true">
    <Column Name="CompanyID" DataType="System.Int32"/>
    <Column Name="CompanyName" DataType="System.String"/>
    <Column Name="CompanyNamePY" DataType="System.String"/>
    <Column Name="CompanyType" DataType="System.Int32"/>
    <Column Name="LinkDetail" DataType="System.String"/>
    <Column Name="Remark" DataType="System.String"/>
    <Column Name="IsSys" DataType="System.Int32"/>
    <Column Name="IsStop" DataType="System.Int32"/>
    <Column Name="CompanySKName" DataType="System.String"/>
    <Column Name="CompanySKBank" DataType="System.String"/>
    <Column Name="CompanySKAccount" DataType="System.String"/>
  </TableDataSource>
  <TableDataSource Name="OutStock" ReferenceName="Data.OutStock" DataType="System.Int32" Enabled="true">
    <Column Name="OutStockID" DataType="System.Int32"/>
    <Column Name="OutStockDate" DataType="System.DateTime"/>
    <Column Name="OutStockType" DataType="System.Int32"/>
    <Column Name="OutBillAmt" DataType="System.Decimal"/>
    <Column Name="OutBillRemark" DataType="System.String"/>
    <Column Name="ProjectID" DataType="System.Int32"/>
    <Column Name="CompanyID" DataType="System.Int32"/>
    <Column Name="WareHouseID" DataType="System.Int32"/>
    <Column Name="BillCycle" DataType="System.String"/>
    <Column Name="RecordStatus" DataType="System.String"/>
    <Column Name="OutMan" DataType="System.String"/>
    <Column Name="UseMan" DataType="System.String"/>
  </TableDataSource>
  <TableDataSource Name="OutStockItems" ReferenceName="Data.OutStockItems" DataType="System.Int32" Enabled="true">
    <Column Name="ItemsID" DataType="System.Int32"/>
    <Column Name="OutStockID" DataType="System.Int32"/>
    <Column Name="GoodsID" DataType="System.Int32"/>
    <Column Name="GoodsName" DataType="System.String"/>
    <Column Name="GoodsSpec" DataType="System.String"/>
    <Column Name="GoodsUnit" DataType="System.String"/>
    <Column Name="GoodsQty" DataType="System.Decimal"/>
    <Column Name="GoodsPrc" DataType="System.Decimal"/>
    <Column Name="GoodsAmt" DataType="System.Decimal"/>
    <Column Name="UsePosition" DataType="System.String"/>
  </TableDataSource>
  <TableDataSource Name="Receipt" ReferenceName="Data.Receipt" DataType="System.Int32" Enabled="true">
    <Column Name="ReceiptID" DataType="System.Int32"/>
    <Column Name="ReceiptDate" DataType="System.DateTime"/>
    <Column Name="ReceiptNum" DataType="System.String"/>
    <Column Name="ReceiptType" DataType="System.Int32"/>
    <Column Name="ReceiptBillAmt" DataType="System.Decimal"/>
    <Column Name="ReceiptDiscAmt" DataType="System.Decimal"/>
    <Column Name="Remark" DataType="System.String"/>
    <Column Name="CompanyID" DataType="System.Int32"/>
    <Column Name="WareHouseID" DataType="System.Int32"/>
    <Column Name="ProjectID" DataType="System.Int32"/>
    <Column Name="PurchName" DataType="System.String"/>
    <Column Name="ReceiverName" DataType="System.String"/>
    <Column Name="BillCycle" DataType="System.String"/>
    <Column Name="RecordStatus" DataType="System.String"/>
  </TableDataSource>
  <TableDataSource Name="ReceiptItems" ReferenceName="Data.ReceiptItems" DataType="System.Int32" Enabled="true">
    <Column Name="ItemsID" DataType="System.Int32"/>
    <Column Name="ReceiptID" DataType="System.Int32"/>
    <Column Name="GoodsID" DataType="System.Int32"/>
    <Column Name="GoodsName" DataType="System.String"/>
    <Column Name="GoodsSpec" DataType="System.String"/>
    <Column Name="GoodsUnit" DataType="System.String"/>
    <Column Name="GoodsQty" DataType="System.Decimal"/>
    <Column Name="GoodsPrc" DataType="System.Decimal"/>
    <Column Name="GoodsYF" DataType="System.Decimal"/>
    <Column Name="GoodsAmt" DataType="System.Decimal"/>
    <Column Name="UsePosition" DataType="System.String"/>
    <Column Name="GoodsPlan" DataType="System.String"/>
    <Column Name="GoodsPlanNo" DataType="System.String"/>
  </TableDataSource>
  <TableDataSource Name="Projects" ReferenceName="Data.Projects" DataType="System.Int32" Enabled="true">
    <Column Name="ProjectID" DataType="System.Int32"/>
    <Column Name="ProjectName" DataType="System.String"/>
    <Column Name="ProjectAbstract" DataType="System.String"/>
    <Column Name="ProjectContractor" DataType="System.String"/>
    <Column Name="ProjectDeveloper" DataType="System.String"/>
  </TableDataSource>
  <TableDataSource Name="WareHouseStock" ReferenceName="Data.WareHouseStock" DataType="System.Int32" Enabled="true">
    <Column Name="GoodsID" DataType="System.Int32"/>
    <Column Name="WareHouseID" DataType="System.Int32"/>
    <Column Name="LastPrice" DataType="System.Decimal"/>
    <Column Name="Number" DataType="System.Decimal"/>
    <Column Name="Price" DataType="System.Decimal"/>
    <Column Name="Amount" DataType="System.Decimal"/>
  </TableDataSource>
  <TableDataSource Name="WareHouses" ReferenceName="Data.WareHouses" DataType="System.Int32" Enabled="true">
    <Column Name="WareHouseID" DataType="System.Int32"/>
    <Column Name="WareHouseName" DataType="System.String" PropName=" DataType="/>
  </TableDataSource>
</Dictionary>
